#
# A fatal error has been detected by the Java Runtime Environment:
#
#  Internal Error (safepoint.cpp:712), pid=24942, tid=0x000000000000a007
#  fatal error: Illegal threadstate encountered: 4
#
# JRE version: Java(TM) SE Runtime Environment (8.0_251-b08) (build 1.8.0_251-b08)
# Java VM: Java HotSpot(TM) 64-Bit Server VM (25.251-b08 mixed mode bsd-amd64 compressed oops)
# Failed to write core dump. Core dumps have been disabled. To enable core dumping, try "ulimit -c unlimited" before starting Java again
#
# If you would like to submit a bug report, please visit:
#   http://bugreport.java.com/bugreport/crash.jsp
# The crash happened outside the Java Virtual Machine in native code.
# See problematic frame for where to report the bug.
#

---------------  T H R E A D  ---------------

Current thread (0x00007fb332104000):  JavaThread "Thread-1" daemon [_thread_in_native, id=40967, stack(0x000070000563e000,0x000070000573e000)]

Stack: [0x000070000563e000,0x000070000573e000],  sp=0x000070000573cc80,  free space=1019k
Native frames: (J=compiled Java code, j=interpreted, Vv=VM code, C=native code)
V  [libjvm.dylib+0x5bbaec]
V  [libjvm.dylib+0x1e9991]
V  [libjvm.dylib+0x4e727a]
V  [libjvm.dylib+0x574c22]
V  [libjvm.dylib+0x16a8da]
V  [libjvm.dylib+0x317151]
C  [libglass.dylib+0x5645]  -[GlassRunnable dealloc]+0x35
C  [libobjc.A.dylib+0x25e98]  _ZN11objc_object17sidetable_releaseEbb+0xee
C  [Foundation+0x8188e]  -[_NSThreadPerformInfo dealloc]+0x2a
C  [libobjc.A.dylib+0x25e98]  _ZN11objc_object17sidetable_releaseEbb+0xee
C  [Foundation+0x4e406]  -[NSObject(NSThreadPerformAdditions) performSelectorOnMainThread:withObject:waitUntilDone:]+0x7c
j  com.sun.glass.ui.mac.MacApplication._submitForLaterInvocation(Ljava/lang/Runnable;)V+0
j  com.sun.glass.ui.mac.MacApplication.submitForLaterInvocation(Ljava/lang/Runnable;)V+2
j  com.sun.glass.ui.InvokeLaterDispatcher.run()V+82
v  ~StubRoutines::call_stub
V  [libjvm.dylib+0x2f09b2]
V  [libjvm.dylib+0x2f1156]
V  [libjvm.dylib+0x2f1302]
V  [libjvm.dylib+0x34bb2e]
V  [libjvm.dylib+0x575d6b]
V  [libjvm.dylib+0x57747c]
V  [libjvm.dylib+0x48fe2a]
C  [libsystem_pthread.dylib+0x64e1]  _pthread_start+0x7d
C  [libsystem_pthread.dylib+0x1f6b]  thread_start+0xf
C  0x0000000000000000

Java frames: (J=compiled Java code, j=interpreted, Vv=VM code)
j  com.sun.glass.ui.mac.MacApplication._submitForLaterInvocation(Ljava/lang/Runnable;)V+0
j  com.sun.glass.ui.mac.MacApplication.submitForLaterInvocation(Ljava/lang/Runnable;)V+2
j  com.sun.glass.ui.InvokeLaterDispatcher.run()V+82
v  ~StubRoutines::call_stub

---------------  P R O C E S S  ---------------

Java Threads: ( => current thread )
  0x00007fb33234a800 JavaThread "PulseTimer-CVDisplayLink thread" daemon [_thread_in_native, id=75547, stack(0x0000700005741000,0x00007000057c1000)]
  0x00007fb332136800 JavaThread "Prism Font Disposer" daemon [_thread_blocked, id=79879, stack(0x0000700005a50000,0x0000700005b50000)]
  0x00007fb330133800 JavaThread "JavaFX-Launcher" [_thread_blocked, id=47623, stack(0x0000700005847000,0x0000700005947000)]
  0x00007fb3320fa000 JavaThread "JavaFX Application Thread" [_thread_in_native, id=259, stack(0x00007ff7b5394000,0x00007ff7b5b94000)]
=>0x00007fb332104000 JavaThread "Thread-1" daemon [_thread_in_native, id=40967, stack(0x000070000563e000,0x000070000573e000)]
  0x00007fb332090000 JavaThread "QuantumRenderer-0" daemon [_thread_blocked, id=18179, stack(0x000070000553b000,0x000070000563b000)]
  0x00007fb33182b000 JavaThread "Service Thread" daemon [_thread_blocked, id=19203, stack(0x0000700005335000,0x0000700005435000)]
  0x00007fb330016800 JavaThread "C1 CompilerThread2" daemon [_thread_blocked, id=19459, stack(0x0000700005232000,0x0000700005332000)]
  0x00007fb33182a800 JavaThread "C2 CompilerThread1" daemon [_thread_blocked, id=14595, stack(0x000070000512f000,0x000070000522f000)]
  0x00007fb331825000 JavaThread "C2 CompilerThread0" daemon [_thread_blocked, id=19715, stack(0x000070000502c000,0x000070000512c000)]
  0x00007fb330018000 JavaThread "Signal Dispatcher" daemon [_thread_blocked, id=14083, stack(0x0000700004f29000,0x0000700005029000)]
  0x00007fb33200a000 JavaThread "Finalizer" daemon [_thread_blocked, id=12291, stack(0x0000700004c9d000,0x0000700004d9d000)]
  0x00007fb33000b800 JavaThread "Reference Handler" daemon [_thread_blocked, id=11779, stack(0x0000700004b9a000,0x0000700004c9a000)]
  0x00007fb332009000 JavaThread "main" [_thread_blocked, id=4099, stack(0x0000700004588000,0x0000700004688000)]

Other Threads:
  0x00007fb330819800 VMThread [stack: 0x0000700004a97000,0x0000700004b97000] [id=11267]
  0x00007fb33081b000 WatcherThread [stack: 0x0000700005438000,0x0000700005538000] [id=18691]

VM state:not at safepoint (normal execution)

VM Mutex/Monitor currently owned by a thread: None

heap address: 0x0000000780000000, size: 1024 MB, Compressed Oops mode: Zero based, Oop shift amount: 3
Narrow klass base: 0x0000000000000000, Narrow klass shift: 3
Compressed class space size: 1073741824 Address: 0x00000007c0000000

Heap:
 PSYoungGen      total 18944K, used 3060K [0x00000007aab00000, 0x00000007ac000000, 0x00000007c0000000)
  eden space 16384K, 3% used [0x00000007aab00000,0x00000007aab81320,0x00000007abb00000)
  from space 2560K, 99% used [0x00000007abb00000,0x00000007abd7c030,0x00000007abd80000)
  to   space 2560K, 0% used [0x00000007abd80000,0x00000007abd80000,0x00000007ac000000)
 ParOldGen       total 44032K, used 7227K [0x0000000780000000, 0x0000000782b00000, 0x00000007aab00000)
  object space 44032K, 16% used [0x0000000780000000,0x000000078070ef10,0x0000000782b00000)
 Metaspace       used 19828K, capacity 20800K, committed 20992K, reserved 1067008K
  class space    used 2757K, capacity 2967K, committed 3072K, reserved 1048576K

Card table byte_map: [0x000000010a92d000,0x000000010ab2e000] byte_map_base: 0x0000000106d2d000

Marking Bits: (ParMarkBitMap*) 0x000000010bd2df60
 Begin Bits: [0x000000010c3eb000, 0x000000010d3eb000)
 End Bits:   [0x000000010d3eb000, 0x000000010e3eb000)

Polling page: 0x000000010a4a6000

CodeCache: size=245760Kb used=7141Kb max_used=7156Kb free=238618Kb
 bounds [0x0000000119fba000, 0x000000011a6ca000, 0x0000000128fba000]
 total_blobs=3029 nmethods=2361 adapters=580
 compilation: enabled

Compilation events (10 events):
Event: 10.629 Thread 0x00007fb330016800 nmethod 2355 0x000000011a6aa490 code [0x000000011a6aa5e0, 0x000000011a6aa6d0]
Event: 10.629 Thread 0x00007fb330016800 2356       1       javafx.scene.layout.Region::access$4700 (5 bytes)
Event: 10.629 Thread 0x00007fb330016800 nmethod 2356 0x000000011a6aa750 code [0x000000011a6aa8a0, 0x000000011a6aa990]
Event: 10.629 Thread 0x00007fb330016800 2357       1       javafx.scene.layout.Region::access$4800 (5 bytes)
Event: 10.629 Thread 0x00007fb330016800 nmethod 2357 0x000000011a6aaa10 code [0x000000011a6aab60, 0x000000011a6aac50]
Event: 10.629 Thread 0x00007fb330016800 2361       3       com.sun.prism.impl.BaseGraphics::getExtraAlpha (5 bytes)
Event: 10.629 Thread 0x00007fb330016800 nmethod 2361 0x000000011a6aacd0 code [0x000000011a6aae20, 0x000000011a6aaf70]
Event: 10.629 Thread 0x00007fb330016800 2362       3       com.sun.prism.impl.BaseGraphics::isAlphaTestShader (26 bytes)
Event: 10.631 Thread 0x00007fb330016800 nmethod 2362 0x000000011a6ab010 code [0x000000011a6ab180, 0x000000011a6ab4b0]
Event: 10.631 Thread 0x00007fb330016800 2364   !   3       com.sun.javafx.sg.prism.NGGroup::renderContent (436 bytes)

GC Heap History (6 events):
Event: 1.714 GC heap before
{Heap before GC invocations=1 (full 0):
 PSYoungGen      total 18944K, used 16384K [0x00000007aab00000, 0x00000007ac000000, 0x00000007c0000000)
  eden space 16384K, 100% used [0x00000007aab00000,0x00000007abb00000,0x00000007abb00000)
  from space 2560K, 0% used [0x00000007abd80000,0x00000007abd80000,0x00000007ac000000)
  to   space 2560K, 0% used [0x00000007abb00000,0x00000007abb00000,0x00000007abd80000)
 ParOldGen       total 44032K, used 0K [0x0000000780000000, 0x0000000782b00000, 0x00000007aab00000)
  object space 44032K, 0% used [0x0000000780000000,0x0000000780000000,0x0000000782b00000)
 Metaspace       used 9829K, capacity 10106K, committed 10368K, reserved 1058816K
  class space    used 1244K, capacity 1335K, committed 1408K, reserved 1048576K
Event: 1.725 GC heap after
Heap after GC invocations=1 (full 0):
 PSYoungGen      total 18944K, used 2544K [0x00000007aab00000, 0x00000007ac000000, 0x00000007c0000000)
  eden space 16384K, 0% used [0x00000007aab00000,0x00000007aab00000,0x00000007abb00000)
  from space 2560K, 99% used [0x00000007abb00000,0x00000007abd7c050,0x00000007abd80000)
  to   space 2560K, 0% used [0x00000007abd80000,0x00000007abd80000,0x00000007ac000000)
 ParOldGen       total 44032K, used 388K [0x0000000780000000, 0x0000000782b00000, 0x00000007aab00000)
  object space 44032K, 0% used [0x0000000780000000,0x0000000780061020,0x0000000782b00000)
 Metaspace       used 9829K, capacity 10106K, committed 10368K, reserved 1058816K
  class space    used 1244K, capacity 1335K, committed 1408K, reserved 1048576K
}
Event: 3.822 GC heap before
{Heap before GC invocations=2 (full 0):
 PSYoungGen      total 18944K, used 18928K [0x00000007aab00000, 0x00000007ac000000, 0x00000007c0000000)
  eden space 16384K, 100% used [0x00000007aab00000,0x00000007abb00000,0x00000007abb00000)
  from space 2560K, 99% used [0x00000007abb00000,0x00000007abd7c050,0x00000007abd80000)
  to   space 2560K, 0% used [0x00000007abd80000,0x00000007abd80000,0x00000007ac000000)
 ParOldGen       total 44032K, used 388K [0x0000000780000000, 0x0000000782b00000, 0x00000007aab00000)
  object space 44032K, 0% used [0x0000000780000000,0x0000000780061020,0x0000000782b00000)
 Metaspace       used 15319K, capacity 15984K, committed 16256K, reserved 1062912K
  class space    used 2172K, capacity 2370K, committed 2432K, reserved 1048576K
Event: 3.830 GC heap after
Heap after GC invocations=2 (full 0):
 PSYoungGen      total 18944K, used 2556K [0x00000007aab00000, 0x00000007ac000000, 0x00000007c0000000)
  eden space 16384K, 0% used [0x00000007aab00000,0x00000007aab00000,0x00000007abb00000)
  from space 2560K, 99% used [0x00000007abd80000,0x00000007abfff060,0x00000007ac000000)
  to   space 2560K, 0% used [0x00000007abb00000,0x00000007abb00000,0x00000007abd80000)
 ParOldGen       total 44032K, used 3428K [0x0000000780000000, 0x0000000782b00000, 0x00000007aab00000)
  object space 44032K, 7% used [0x0000000780000000,0x0000000780359330,0x0000000782b00000)
 Metaspace       used 15319K, capacity 15984K, committed 16256K, reserved 1062912K
  class space    used 2172K, capacity 2370K, committed 2432K, reserved 1048576K
}
Event: 10.602 GC heap before
{Heap before GC invocations=3 (full 0):
 PSYoungGen      total 18944K, used 18940K [0x00000007aab00000, 0x00000007ac000000, 0x00000007c0000000)
  eden space 16384K, 100% used [0x00000007aab00000,0x00000007abb00000,0x00000007abb00000)
  from space 2560K, 99% used [0x00000007abd80000,0x00000007abfff060,0x00000007ac000000)
  to   space 2560K, 0% used [0x00000007abb00000,0x00000007abb00000,0x00000007abd80000)
 ParOldGen       total 44032K, used 3428K [0x0000000780000000, 0x0000000782b00000, 0x00000007aab00000)
  object space 44032K, 7% used [0x0000000780000000,0x0000000780359330,0x0000000782b00000)
 Metaspace       used 19809K, capacity 20800K, committed 20992K, reserved 1067008K
  class space    used 2756K, capacity 2967K, committed 3072K, reserved 1048576K
Event: 10.612 GC heap after
Heap after GC invocations=3 (full 0):
 PSYoungGen      total 18944K, used 2544K [0x00000007aab00000, 0x00000007ac000000, 0x00000007c0000000)
  eden space 16384K, 0% used [0x00000007aab00000,0x00000007aab00000,0x00000007abb00000)
  from space 2560K, 99% used [0x00000007abb00000,0x00000007abd7c030,0x00000007abd80000)
  to   space 2560K, 0% used [0x00000007abd80000,0x00000007abd80000,0x00000007ac000000)
 ParOldGen       total 44032K, used 7227K [0x0000000780000000, 0x0000000782b00000, 0x00000007aab00000)
  object space 44032K, 16% used [0x0000000780000000,0x000000078070ef10,0x0000000782b00000)
 Metaspace       used 19809K, capacity 20800K, committed 20992K, reserved 1067008K
  class space    used 2756K, capacity 2967K, committed 3072K, reserved 1048576K
}

Deoptimization events (10 events):
Event: 2.313 Thread 0x00007fb3320fa000 Uncommon trap: reason=class_check action=maybe_recompile pc=0x000000011a0d6b08 method=java.lang.String.equals(Ljava/lang/Object;)Z @ 8
Event: 2.313 Thread 0x00007fb3320fa000 Uncommon trap: reason=class_check action=maybe_recompile pc=0x000000011a0d6b08 method=java.lang.String.equals(Ljava/lang/Object;)Z @ 8
Event: 2.313 Thread 0x00007fb3320fa000 Uncommon trap: reason=class_check action=maybe_recompile pc=0x000000011a0d6b08 method=java.lang.String.equals(Ljava/lang/Object;)Z @ 8
Event: 2.350 Thread 0x00007fb3320fa000 Uncommon trap: reason=class_check action=maybe_recompile pc=0x000000011a0d6b08 method=java.lang.String.equals(Ljava/lang/Object;)Z @ 8
Event: 3.522 Thread 0x00007fb3320fa000 Uncommon trap: reason=unstable_if action=reinterpret pc=0x000000011a2f613c method=jdk.internal.org.objectweb.asm.Type.getArgumentsAndReturnSizes(Ljava/lang/String;)I @ 47
Event: 3.726 Thread 0x00007fb3320fa000 Uncommon trap: reason=unstable_if action=reinterpret pc=0x000000011a2866cc method=java.lang.String.indexOf([CII[CIII)I @ 3
Event: 8.261 Thread 0x00007fb3320fa000 Uncommon trap: reason=unstable_if action=reinterpret pc=0x000000011a255084 method=java.lang.AbstractStringBuilder.append(Ljava/lang/String;)Ljava/lang/AbstractStringBuilder; @ 1
Event: 8.330 Thread 0x00007fb3320fa000 Uncommon trap: reason=predicate action=maybe_recompile pc=0x000000011a4e5a7c method=sun.net.www.ParseUtil.encodePath(Ljava/lang/String;Z)Ljava/lang/String; @ 36
Event: 10.092 Thread 0x00007fb3320fa000 Uncommon trap: reason=unstable_if action=reinterpret pc=0x000000011a5bbbdc method=java.lang.Math.round(D)J @ 48
Event: 10.614 Thread 0x00007fb3320fa000 Uncommon trap: reason=unstable_if action=reinterpret pc=0x000000011a4a227c method=java.util.WeakHashMap.expungeStaleEntries()V @ 9

Classes redefined (0 events):
No events

Internal exceptions (10 events):
Event: 1.497 Thread 0x00007fb3320fa000 Exception <a 'java/lang/ArrayIndexOutOfBoundsException': 86> (0x00000007ab7e9ed8) thrown at [/jenkins/workspace/8-2-build-macosx-x86_64/jdk8u251/737/hotspot/src/share/vm/interpreter/interpreterRuntime.cpp, line 368]
Event: 1.515 Thread 0x00007fb3320fa000 Exception <a 'java/lang/ArrayIndexOutOfBoundsException'> (0x00000007ab808358) thrown at [/jenkins/workspace/8-2-build-macosx-x86_64/jdk8u251/737/hotspot/src/share/vm/runtime/sharedRuntime.cpp, line 605]
Event: 2.068 Thread 0x00007fb3320fa000 Exception <a 'java/lang/ArrayIndexOutOfBoundsException'> (0x00000007aacf2128) thrown at [/jenkins/workspace/8-2-build-macosx-x86_64/jdk8u251/737/hotspot/src/share/vm/runtime/sharedRuntime.cpp, line 605]
Event: 2.077 Thread 0x00007fb3320fa000 Exception <a 'java/lang/ArrayIndexOutOfBoundsException'> (0x00000007aad0efb0) thrown at [/jenkins/workspace/8-2-build-macosx-x86_64/jdk8u251/737/hotspot/src/share/vm/runtime/sharedRuntime.cpp, line 605]
Event: 2.135 Thread 0x00007fb3320fa000 Implicit null exception at 0x000000011a25a7f5 to 0x000000011a25aa2d
Event: 3.688 Thread 0x00007fb3320fa000 Exception <a 'java/lang/ArrayIndexOutOfBoundsException'> (0x00000007ab7f2d20) thrown at [/jenkins/workspace/8-2-build-macosx-x86_64/jdk8u251/737/hotspot/src/share/vm/runtime/sharedRuntime.cpp, line 605]
Event: 3.704 Thread 0x00007fb3320fa000 Exception <a 'java/io/FileNotFoundException'> (0x00000007ab879f30) thrown at [/jenkins/workspace/8-2-build-macosx-x86_64/jdk8u251/737/hotspot/src/share/vm/prims/jni.cpp, line 710]
Event: 8.261 Thread 0x00007fb3320fa000 Implicit null exception at 0x000000011a254cb5 to 0x000000011a255071
Event: 8.293 Thread 0x00007fb3320fa000 Exception <a 'java/lang/NoClassDefFoundError': com/sun/jna/Platform> (0x00000007aae156c8) thrown at [/jenkins/workspace/8-2-build-macosx-x86_64/jdk8u251/737/hotspot/src/share/vm/classfile/systemDictionary.cpp, line 199]
Event: 8.346 Thread 0x00007fb3320fa000 Exception <a 'java/lang/NoClassDefFoundError': com/sun/jna/Platform> (0x00000007aaf43f90) thrown at [/jenkins/workspace/8-2-build-macosx-x86_64/jdk8u251/737/hotspot/src/share/vm/classfile/systemDictionary.cpp, line 199]

Events (10 events):
Event: 10.615 Executing VM operation: RevokeBias
Event: 10.615 Executing VM operation: RevokeBias done
Event: 10.616 Executing VM operation: RevokeBias
Event: 10.616 Executing VM operation: RevokeBias done
Event: 10.616 Executing VM operation: RevokeBias
Event: 10.616 Executing VM operation: RevokeBias done
Event: 10.618 Executing VM operation: RevokeBias
Event: 10.618 Executing VM operation: RevokeBias done
Event: 10.630 Executing VM operation: RevokeBias
Event: 10.631 Executing VM operation: RevokeBias done


Dynamic libraries:
0x00007ff8238ae000 	/System/Library/Frameworks/Cocoa.framework/Versions/A/Cocoa
0x00007ff80f506000 	/System/Library/Frameworks/AppKit.framework/Versions/C/AppKit
0x00007ff812a1d000 	/System/Library/Frameworks/CoreData.framework/Versions/A/CoreData
0x00007ff80d909000 	/System/Library/Frameworks/Foundation.framework/Versions/C/Foundation
0x00007ff81783f000 	/usr/lib/libSystem.B.dylib
0x00007ff810396000 	/System/Library/PrivateFrameworks/UIFoundation.framework/Versions/A/UIFoundation
0x00007ff81d7b0000 	/System/Library/PrivateFrameworks/RemoteViewServices.framework/Versions/A/RemoteViewServices
0x00007ff815a93000 	/System/Library/PrivateFrameworks/XCTTargetBootstrap.framework/Versions/A/XCTTargetBootstrap
0x00007ff819646000 	/System/Library/PrivateFrameworks/InternationalSupport.framework/Versions/A/InternationalSupport
0x00007ff8196d0000 	/System/Library/PrivateFrameworks/UserActivity.framework/Versions/A/UserActivity
0x00007ff818a26000 	/usr/lib/libspindump.dylib
0x00007ff810625000 	/System/Library/Frameworks/UniformTypeIdentifiers.framework/Versions/A/UniformTypeIdentifiers
0x00007ff8141b7000 	/usr/lib/libapp_launch_measurement.dylib
0x00007ff8133ef000 	/System/Library/PrivateFrameworks/CoreAnalytics.framework/Versions/A/CoreAnalytics
0x00007ff8141ba000 	/System/Library/PrivateFrameworks/CoreAutoLayout.framework/Versions/A/CoreAutoLayout
0x00007ff8153ea000 	/System/Library/Frameworks/Metal.framework/Versions/A/Metal
0x00007ff816119000 	/usr/lib/liblangid.dylib
0x00007ff815a98000 	/System/Library/PrivateFrameworks/CoreSVG.framework/Versions/A/CoreSVG
0x00007ff811a11000 	/System/Library/PrivateFrameworks/SkyLight.framework/Versions/A/SkyLight
0x00007ff811db0000 	/System/Library/Frameworks/CoreGraphics.framework/Versions/A/CoreGraphics
0x00007ff81de70000 	/System/Library/Frameworks/Accelerate.framework/Versions/A/Accelerate
0x00007ff8184a5000 	/System/Library/PrivateFrameworks/IconServices.framework/Versions/A/IconServices
0x00007ff8153cf000 	/System/Library/Frameworks/IOSurface.framework/Versions/A/IOSurface
0x00007ff81341d000 	/usr/lib/libDiagnosticMessagesClient.dylib
0x00007ff81775f000 	/usr/lib/libz.1.dylib
0x00007ff821552000 	/System/Library/Frameworks/ApplicationServices.framework/Versions/A/ApplicationServices
0x00007ff815a7f000 	/System/Library/PrivateFrameworks/DFRFoundation.framework/Versions/A/DFRFoundation
0x00007ff80edee000 	/usr/lib/libicucore.A.dylib
0x00007ff81a43c000 	/System/Library/Frameworks/AudioToolbox.framework/Versions/A/AudioToolbox
0x00007ff819652000 	/System/Library/PrivateFrameworks/DataDetectorsCore.framework/Versions/A/DataDetectorsCore
0x00007ff915b50000 	/System/Library/PrivateFrameworks/TextInput.framework/Versions/A/TextInput
0x00007ff811994000 	/usr/lib/libMobileGestalt.dylib
0x00007ff81578b000 	/System/Library/Frameworks/Carbon.framework/Versions/A/Frameworks/HIToolbox.framework/Versions/A/HIToolbox
0x00007ff813bba000 	/System/Library/Frameworks/QuartzCore.framework/Versions/A/QuartzCore
0x00007ff80ea93000 	/System/Library/Frameworks/Security.framework/Versions/A/Security
0x00007ff81d7e8000 	/System/Library/Frameworks/Carbon.framework/Versions/A/Frameworks/SpeechRecognition.framework/Versions/A/SpeechRecognition
0x00007ff813f17000 	/System/Library/PrivateFrameworks/CoreUI.framework/Versions/A/CoreUI
0x00007ff80e35d000 	/System/Library/Frameworks/CoreAudio.framework/Versions/A/CoreAudio
0x00007ff81350c000 	/System/Library/Frameworks/DiskArbitration.framework/Versions/A/DiskArbitration
0x00007ff818e14000 	/System/Library/PrivateFrameworks/MultitouchSupport.framework/Versions/A/MultitouchSupport
0x00007ff811993000 	/usr/lib/libenergytrace.dylib
0x00007ff80f3f2000 	/System/Library/Frameworks/IOKit.framework/Versions/A/IOKit
0x00007ff81dbd8000 	/System/Library/Frameworks/CoreServices.framework/Versions/A/CoreServices
0x00007ff814151000 	/System/Library/PrivateFrameworks/PerformanceAnalysis.framework/Versions/A/PerformanceAnalysis
0x00007ffa25832000 	/System/Library/Frameworks/OpenGL.framework/Versions/A/OpenGL
0x00007ff816d7b000 	/System/Library/PrivateFrameworks/MobileKeyBag.framework/Versions/A/MobileKeyBag
0x00007ff80c8d3000 	/usr/lib/libobjc.A.dylib
0x00007ff81247c000 	/System/Library/Frameworks/ColorSync.framework/Versions/A/ColorSync
0x00007ff80ca8d000 	/System/Library/Frameworks/CoreFoundation.framework/Versions/A/CoreFoundation
0x00007ff815d0f000 	/System/Library/Frameworks/CoreImage.framework/Versions/A/CoreImage
0x00007ff80e171000 	/System/Library/Frameworks/CoreText.framework/Versions/A/CoreText
0x00007ff815ac8000 	/System/Library/Frameworks/ImageIO.framework/Versions/A/ImageIO
0x00007ff817845000 	/System/Library/PrivateFrameworks/SoftLinking.framework/Versions/A/SoftLinking
0x00007ff814202000 	/usr/lib/libxml2.2.dylib
0x00007ff80c999000 	/usr/lib/libc++.1.dylib
0x00007ff817ac9000 	/usr/lib/libcompression.dylib
0x00007ff819579000 	/System/Library/PrivateFrameworks/TextureIO.framework/Versions/A/TextureIO
0x00007ff8181b7000 	/usr/lib/libate.dylib
0x00007ff81783a000 	/usr/lib/system/libcache.dylib
0x00007ff8177f6000 	/usr/lib/system/libcommonCrypto.dylib
0x00007ff81781f000 	/usr/lib/system/libcompiler_rt.dylib
0x00007ff817815000 	/usr/lib/system/libcopyfile.dylib
0x00007ff80c7ce000 	/usr/lib/system/libcorecrypto.dylib
0x00007ff80c88c000 	/usr/lib/system/libdispatch.dylib
0x00007ff80ca4c000 	/usr/lib/system/libdyld.dylib
0x00007ff817831000 	/usr/lib/system/libkeymgr.dylib
0x00007ff8177d4000 	/usr/lib/system/libmacho.dylib
0x00007ff816e55000 	/usr/lib/system/libquarantine.dylib
0x00007ff81782f000 	/usr/lib/system/libremovefile.dylib
0x00007ff8119e1000 	/usr/lib/system/libsystem_asl.dylib
0x00007ff80c777000 	/usr/lib/system/libsystem_blocks.dylib
0x00007ff80c910000 	/usr/lib/system/libsystem_c.dylib
0x00007ff817827000 	/usr/lib/system/libsystem_collections.dylib
0x00007ff816109000 	/usr/lib/system/libsystem_configuration.dylib
0x00007ff8153b2000 	/usr/lib/system/libsystem_containermanager.dylib
0x00007ff81750c000 	/usr/lib/system/libsystem_coreservices.dylib
0x00007ff80f082000 	/usr/lib/system/libsystem_darwin.dylib
0x00007ff817832000 	/usr/lib/system/libsystem_dnssd.dylib
0x00007ff80c90d000 	/usr/lib/system/libsystem_featureflags.dylib
0x00007ff80ca62000 	/usr/lib/system/libsystem_info.dylib
0x00007ff817772000 	/usr/lib/system/libsystem_m.dylib
0x00007ff80c860000 	/usr/lib/system/libsystem_malloc.dylib
0x00007ff81197c000 	/usr/lib/system/libsystem_networkextension.dylib
0x00007ff80f4a8000 	/usr/lib/system/libsystem_notify.dylib
0x00007ff81daad000 	/usr/lib/system/libsystem_product_info_filter.dylib
0x00007ff81610d000 	/usr/lib/system/libsystem_sandbox.dylib
0x00007ff81782c000 	/usr/lib/system/libsystem_secinit.dylib
0x00007ff80ca08000 	/usr/lib/system/libsystem_kernel.dylib
0x00007ff80ca58000 	/usr/lib/system/libsystem_platform.dylib
0x00007ff80ca40000 	/usr/lib/system/libsystem_pthread.dylib
0x00007ff81322f000 	/usr/lib/system/libsystem_symptoms.dylib
0x00007ff80c7b5000 	/usr/lib/system/libsystem_trace.dylib
0x00007ff817802000 	/usr/lib/system/libunwind.dylib
0x00007ff80c779000 	/usr/lib/system/libxpc.dylib
0x00007ff80c9f2000 	/usr/lib/libc++abi.dylib
0x00007ff81780d000 	/usr/lib/liboah.dylib
0x00007ff817f93000 	/usr/lib/liblzma.5.dylib
0x00007ff80d61b000 	/System/Library/Frameworks/SystemConfiguration.framework/Versions/A/SystemConfiguration
0x00007ff817841000 	/usr/lib/libfakelink.dylib
0x00007ff8114ec000 	/System/Library/Frameworks/CFNetwork.framework/Versions/A/CFNetwork
0x00007ff817982000 	/usr/lib/libarchive.2.dylib
0x00007ff816115000 	/System/Library/PrivateFrameworks/AppleSystemInfo.framework/Versions/A/AppleSystemInfo
0x00007ff816e7c000 	/usr/lib/libbsm.0.dylib
0x00007ff810afb000 	/usr/lib/libnetwork.dylib
0x00007ff8177da000 	/usr/lib/system/libkxld.dylib
0x00007ff816aaf000 	/System/Library/PrivateFrameworks/IOMobileFramebuffer.framework/Versions/A/IOMobileFramebuffer
0x00007ffb251fc000 	/usr/lib/libCoreEntitlements.dylib
0x00007ff8174ee000 	/System/Library/PrivateFrameworks/AppleFSCompression.framework/Versions/A/AppleFSCompression
0x00007ff816e64000 	/usr/lib/libcoretls.dylib
0x00007ff817fad000 	/usr/lib/libcoretls_cfhelpers.dylib
0x00007ff817ac4000 	/usr/lib/libpam.2.dylib
0x00007ff812e4e000 	/usr/lib/libsqlite3.dylib
0x00007ff81801c000 	/usr/lib/libxar.1.dylib
0x00007ff8174fe000 	/usr/lib/libbz2.1.0.dylib
0x00007ff817846000 	/usr/lib/libpcap.A.dylib
0x00007ff813227000 	/usr/lib/libdns_services.dylib
0x00007ff817a94000 	/usr/lib/libapple_nghttp2.dylib
0x00007ff817880000 	/usr/lib/libiconv.2.dylib
0x00007ff8177d3000 	/usr/lib/libcharset.1.dylib
0x00007ff814185000 	/System/Library/Frameworks/CoreServices.framework/Versions/A/Frameworks/FSEvents.framework/Versions/A/FSEvents
0x00007ff80f08c000 	/System/Library/Frameworks/CoreServices.framework/Versions/A/Frameworks/CarbonCore.framework/Versions/A/CarbonCore
0x00007ff813470000 	/System/Library/Frameworks/CoreServices.framework/Versions/A/Frameworks/Metadata.framework/Versions/A/Metadata
0x00007ff817511000 	/System/Library/Frameworks/CoreServices.framework/Versions/A/Frameworks/OSServices.framework/Versions/A/OSServices
0x00007ff817a09000 	/System/Library/Frameworks/CoreServices.framework/Versions/A/Frameworks/SearchKit.framework/Versions/A/SearchKit
0x00007ff8131b9000 	/System/Library/Frameworks/CoreServices.framework/Versions/A/Frameworks/AE.framework/Versions/A/AE
0x00007ff80cf90000 	/System/Library/Frameworks/CoreServices.framework/Versions/A/Frameworks/LaunchServices.framework/Versions/A/LaunchServices
0x00007ff817f44000 	/System/Library/Frameworks/CoreServices.framework/Versions/A/Frameworks/DictionaryServices.framework/Versions/A/DictionaryServices
0x00007ff814192000 	/System/Library/Frameworks/CoreServices.framework/Versions/A/Frameworks/SharedFileList.framework/Versions/A/SharedFileList
0x00007ff816e58000 	/usr/lib/libCheckFix.dylib
0x00007ff8119f8000 	/System/Library/PrivateFrameworks/TCC.framework/Versions/A/TCC
0x00007ff81611b000 	/System/Library/PrivateFrameworks/CoreNLP.framework/Versions/A/CoreNLP
0x00007ff813420000 	/System/Library/PrivateFrameworks/MetadataUtilities.framework/Versions/A/MetadataUtilities
0x00007ff80d6cc000 	/usr/lib/libmecabra.dylib
0x00007ff816e8c000 	/usr/lib/libmecab.dylib
0x00007ff80d697000 	/usr/lib/libCRFSuite.dylib
0x00007ff816ee6000 	/usr/lib/libgermantok.dylib
0x00007ff817a6f000 	/usr/lib/libThaiTokenizer.dylib
0x00007ff813513000 	/System/Library/Frameworks/Accelerate.framework/Versions/A/Frameworks/vImage.framework/Versions/A/vImage
0x00007ff81dbaf000 	/System/Library/Frameworks/Accelerate.framework/Versions/A/Frameworks/vecLib.framework/Versions/A/vecLib
0x00007ff81805d000 	/System/Library/Frameworks/Accelerate.framework/Versions/A/Frameworks/vecLib.framework/Versions/A/libvMisc.dylib
0x00007ff8168da000 	/System/Library/Frameworks/Accelerate.framework/Versions/A/Frameworks/vecLib.framework/Versions/A/libvDSP.dylib
0x00007ff80d30b000 	/System/Library/Frameworks/Accelerate.framework/Versions/A/Frameworks/vecLib.framework/Versions/A/libBLAS.dylib
0x00007ff817ba6000 	/System/Library/Frameworks/Accelerate.framework/Versions/A/Frameworks/vecLib.framework/Versions/A/libLAPACK.dylib
0x00007ff816ee9000 	/System/Library/Frameworks/Accelerate.framework/Versions/A/Frameworks/vecLib.framework/Versions/A/libLinearAlgebra.dylib
0x00007ff817aac000 	/System/Library/Frameworks/Accelerate.framework/Versions/A/Frameworks/vecLib.framework/Versions/A/libSparseBLAS.dylib
0x00007ff817ba0000 	/System/Library/Frameworks/Accelerate.framework/Versions/A/Frameworks/vecLib.framework/Versions/A/libQuadrature.dylib
0x00007ff816206000 	/System/Library/Frameworks/Accelerate.framework/Versions/A/Frameworks/vecLib.framework/Versions/A/libBNNS.dylib
0x00007ff80d5a5000 	/System/Library/Frameworks/Accelerate.framework/Versions/A/Frameworks/vecLib.framework/Versions/A/libSparse.dylib
0x00007ff8161ff000 	/System/Library/PrivateFrameworks/LinguisticData.framework/Versions/A/LinguisticData
0x00007ff80d55b000 	/System/Library/PrivateFrameworks/Lexicon.framework/Versions/A/Lexicon
0x00007ff818056000 	/usr/lib/libChineseTokenizer.dylib
0x00007ff80dcc6000 	/System/Library/PrivateFrameworks/LanguageModeling.framework/Versions/A/LanguageModeling
0x00007ff817a71000 	/System/Library/PrivateFrameworks/AppleSauce.framework/Versions/A/AppleSauce
0x00007ff816a9d000 	/System/Library/PrivateFrameworks/CoreEmoji.framework/Versions/A/CoreEmoji
0x00007ff817971000 	/usr/lib/libcmph.dylib
0x00007ff814169000 	/System/Library/Frameworks/OpenDirectory.framework/Versions/A/Frameworks/CFOpenDirectory.framework/Versions/A/CFOpenDirectory
0x00007ff81415d000 	/System/Library/Frameworks/OpenDirectory.framework/Versions/A/OpenDirectory
0x00007ff817faf000 	/System/Library/PrivateFrameworks/APFS.framework/Versions/A/APFS
0x00007ff816db3000 	/System/Library/Frameworks/SecurityFoundation.framework/Versions/A/SecurityFoundation
0x00007ff81802a000 	/usr/lib/libutil.dylib
0x00007ff80f3b6000 	/System/Library/PrivateFrameworks/CoreServicesStore.framework/Versions/A/CoreServicesStore
0x00007ff81802e000 	/usr/lib/libxslt.1.dylib
0x00007ff816e40000 	/System/Library/PrivateFrameworks/BackgroundTaskManagement.framework/Versions/A/BackgroundTaskManagement
0x00007ff819499000 	/System/Library/Frameworks/ImageIO.framework/Versions/A/Resources/libRadiance.dylib
0x00007ff8194a2000 	/System/Library/Frameworks/ImageIO.framework/Versions/A/Resources/libJPEG.dylib
0x00007ff8193f3000 	/System/Library/Frameworks/ImageIO.framework/Versions/A/Resources/libPng.dylib
0x00007ff819414000 	/System/Library/Frameworks/ImageIO.framework/Versions/A/Resources/libTIFF.dylib
0x00007ff819502000 	/System/Library/Frameworks/ImageIO.framework/Versions/A/Resources/libGIF.dylib
0x00007ff818d2e000 	/System/Library/Frameworks/ImageIO.framework/Versions/A/Resources/libJP2.dylib
0x00007ff81846c000 	/usr/lib/libexpat.1.dylib
0x00007ff818ce3000 	/System/Library/PrivateFrameworks/AppleJPEG.framework/Versions/A/AppleJPEG
0x00007ff81564f000 	/System/Library/PrivateFrameworks/FontServices.framework/libFontParser.dylib
0x00007ff813163000 	/System/Library/PrivateFrameworks/RunningBoardServices.framework/Versions/A/RunningBoardServices
0x00007ff823e69000 	/System/Library/PrivateFrameworks/IOSurfaceAccelerator.framework/Versions/A/IOSurfaceAccelerator
0x00007ff818e10000 	/System/Library/PrivateFrameworks/WatchdogClient.framework/Versions/A/WatchdogClient
0x00007ff80ddb4000 	/System/Library/Frameworks/CoreDisplay.framework/Versions/A/CoreDisplay
0x00007ff81554d000 	/System/Library/Frameworks/CoreMedia.framework/Versions/A/CoreMedia
0x00007ff8153e1000 	/System/Library/PrivateFrameworks/IOAccelerator.framework/Versions/A/IOAccelerator
0x00007ff8142e6000 	/System/Library/Frameworks/CoreVideo.framework/Versions/A/CoreVideo
0x00007ff817ac2000 	/System/Library/Frameworks/MetalPerformanceShaders.framework/Versions/A/MetalPerformanceShaders
0x00007ff818e4d000 	/System/Library/Frameworks/VideoToolbox.framework/Versions/A/VideoToolbox
0x00007ff8130ad000 	/System/Library/PrivateFrameworks/BaseBoard.framework/Versions/A/BaseBoard
0x00007ff812e34000 	/System/Library/PrivateFrameworks/ProtocolBuffer.framework/Versions/A/ProtocolBuffer
0x00007ff819492000 	/System/Library/PrivateFrameworks/GPUWrangler.framework/Versions/A/GPUWrangler
0x00007ff819476000 	/System/Library/PrivateFrameworks/IOPresentment.framework/Versions/A/IOPresentment
0x00007ff81949c000 	/System/Library/PrivateFrameworks/DSExternalDisplay.framework/Versions/A/DSExternalDisplay
0x00007ffa25826000 	/System/Library/Frameworks/OpenGL.framework/Versions/A/Libraries/libCoreFSCache.dylib
0x00007ffb128fd000 	/System/Library/PrivateFrameworks/GPUCompiler.framework/Versions/31001/Libraries/libGPUCompilerUtils.dylib
0x00007ff819507000 	/System/Library/PrivateFrameworks/CMCaptureCore.framework/Versions/A/CMCaptureCore
0x00007ff818a14000 	/System/Library/PrivateFrameworks/AppServerSupport.framework/Versions/A/AppServerSupport
0x00007ff81acd5000 	/System/Library/PrivateFrameworks/perfdata.framework/Versions/A/perfdata
0x00007ff80dee0000 	/System/Library/PrivateFrameworks/AudioToolboxCore.framework/Versions/A/AudioToolboxCore
0x00007ff81552b000 	/System/Library/PrivateFrameworks/caulk.framework/Versions/A/caulk
0x00007ff81a5e7000 	/usr/lib/libAudioStatistics.dylib
0x00007ff9122de000 	/System/Library/PrivateFrameworks/SystemPolicy.framework/Versions/A/SystemPolicy
0x00007ff81a842000 	/usr/lib/libSMC.dylib
0x00007ff823761000 	/System/Library/Frameworks/CoreMIDI.framework/Versions/A/CoreMIDI
0x00007ff8193c2000 	/usr/lib/libAudioToolboxUtility.dylib
0x00007ff90e50a000 	/System/Library/PrivateFrameworks/OSAServicesClient.framework/Versions/A/OSAServicesClient
0x00007ff81ace2000 	/usr/lib/libperfcheck.dylib
0x00007ff912d8b000 	/usr/lib/libmis.dylib
0x00007ffa25881000 	/System/Library/Frameworks/OpenGL.framework/Versions/A/Libraries/libGLU.dylib
0x00007ffa25845000 	/System/Library/Frameworks/OpenGL.framework/Versions/A/Libraries/libGFXShared.dylib
0x00007ffa25a4e000 	/System/Library/Frameworks/OpenGL.framework/Versions/A/Libraries/libGL.dylib
0x00007ffa2584e000 	/System/Library/Frameworks/OpenGL.framework/Versions/A/Libraries/libGLImage.dylib
0x00007ffa25842000 	/System/Library/Frameworks/OpenGL.framework/Versions/A/Libraries/libCVMSPluginSupport.dylib
0x00007ffa2582d000 	/System/Library/Frameworks/OpenGL.framework/Versions/A/Libraries/libCoreVMClient.dylib
0x00007ff816097000 	/System/Library/Frameworks/MetalPerformanceShaders.framework/Versions/A/Frameworks/MPSCore.framework/Versions/A/MPSCore
0x00007ff817459000 	/System/Library/Frameworks/MetalPerformanceShaders.framework/Versions/A/Frameworks/MPSImage.framework/Versions/A/MPSImage
0x00007ff816eff000 	/System/Library/Frameworks/MetalPerformanceShaders.framework/Versions/A/Frameworks/MPSNeuralNetwork.framework/Versions/A/MPSNeuralNetwork
0x00007ff817373000 	/System/Library/Frameworks/MetalPerformanceShaders.framework/Versions/A/Frameworks/MPSMatrix.framework/Versions/A/MPSMatrix
0x00007ff81712e000 	/System/Library/Frameworks/MetalPerformanceShaders.framework/Versions/A/Frameworks/MPSRayIntersector.framework/Versions/A/MPSRayIntersector
0x00007ff8173ab000 	/System/Library/Frameworks/MetalPerformanceShaders.framework/Versions/A/Frameworks/MPSNDArray.framework/Versions/A/MPSNDArray
0x00007ffa2b306000 	/System/Library/Frameworks/MetalPerformanceShaders.framework/Versions/A/Frameworks/MPSFunctions.framework/Versions/A/MPSFunctions
0x00007ff80d1e7000 	/System/Library/PrivateFrameworks/MetalTools.framework/Versions/A/MetalTools
0x00007ff816113000 	/System/Library/PrivateFrameworks/AggregateDictionary.framework/Versions/A/AggregateDictionary
0x00007ff81824e000 	/usr/lib/libIOReport.dylib
0x00007ffa26e5d000 	/System/Library/Frameworks/OpenCL.framework/Versions/A/OpenCL
0x00007ff8185b2000 	/System/Library/PrivateFrameworks/FaceCore.framework/Versions/A/FaceCore
0x00007ff8185a3000 	/System/Library/PrivateFrameworks/GraphVisualizer.framework/Versions/A/GraphVisualizer
0x00007ffb12808000 	/System/Library/PrivateFrameworks/FontServices.framework/Versions/A/FontServices
0x00007ff8189cc000 	/System/Library/PrivateFrameworks/OTSVG.framework/Versions/A/OTSVG
0x00007ff813ecd000 	/System/Library/Frameworks/ApplicationServices.framework/Versions/A/Frameworks/ATS.framework/Versions/A/Resources/libFontRegistry.dylib
0x00007ff818a1c000 	/System/Library/PrivateFrameworks/FontServices.framework/libhvf.dylib
0x00007ffb12809000 	/System/Library/PrivateFrameworks/FontServices.framework/libXTFontStaticRegistryData.dylib
0x00007ff81841c000 	/System/Library/PrivateFrameworks/AppleVA.framework/Versions/A/AppleVA
0x00007ff81a607000 	/System/Library/Frameworks/ApplicationServices.framework/Versions/A/Frameworks/ATS.framework/Versions/A/ATS
0x00007ff81257a000 	/System/Library/Frameworks/ApplicationServices.framework/Versions/A/Frameworks/HIServices.framework/Versions/A/HIServices
0x00007ff819511000 	/System/Library/Frameworks/ApplicationServices.framework/Versions/A/Frameworks/PrintCore.framework/Versions/A/PrintCore
0x00007ff81a995000 	/System/Library/Frameworks/ApplicationServices.framework/Versions/A/Frameworks/QD.framework/Versions/A/QD
0x00007ff81a98d000 	/System/Library/Frameworks/ApplicationServices.framework/Versions/A/Frameworks/ColorSyncLegacy.framework/Versions/A/ColorSyncLegacy
0x00007ff81a5f7000 	/System/Library/Frameworks/ApplicationServices.framework/Versions/A/Frameworks/SpeechSynthesis.framework/Versions/A/SpeechSynthesis
0x00007ff8194d2000 	/System/Library/Frameworks/ApplicationServices.framework/Versions/A/Frameworks/ATSUI.framework/Versions/A/ATSUI
0x00007ff81a922000 	/usr/lib/libcups.2.dylib
0x00007ff81acf1000 	/System/Library/Frameworks/Kerberos.framework/Versions/A/Kerberos
0x00007ff81ad00000 	/System/Library/Frameworks/GSS.framework/Versions/A/GSS
0x00007ff81a673000 	/usr/lib/libresolv.9.dylib
0x00007ff818a2b000 	/System/Library/PrivateFrameworks/Heimdal.framework/Versions/A/Heimdal
0x00007ff8218e4000 	/System/Library/Frameworks/Kerberos.framework/Versions/A/Libraries/libHeimdalProxy.dylib
0x00007ff813237000 	/System/Library/Frameworks/Network.framework/Versions/A/Network
0x00007ff818486000 	/usr/lib/libheimdal-asn1.dylib
0x00007ff81ad4b000 	/System/Library/PrivateFrameworks/CommonAuth.framework/Versions/A/CommonAuth
0x00007ff81a579000 	/System/Library/PrivateFrameworks/AudioSession.framework/Versions/A/AudioSession
0x00007ff818516000 	/System/Library/PrivateFrameworks/MediaExperience.framework/Versions/A/MediaExperience
0x00007ff81a40b000 	/System/Library/PrivateFrameworks/AudioSession.framework/libSessionUtility.dylib
0x00007ff81a9a1000 	/System/Library/PrivateFrameworks/AudioResourceArbitration.framework/Versions/A/AudioResourceArbitration
0x00007ff81ea22000 	/System/Library/PrivateFrameworks/PowerLog.framework/Versions/A/PowerLog
0x00007ff81848f000 	/System/Library/PrivateFrameworks/IconFoundation.framework/Versions/A/IconFoundation
0x00007ff81d7d8000 	/System/Library/PrivateFrameworks/SpeechRecognitionCore.framework/Versions/A/SpeechRecognitionCore
0x000000010b42d000 	/Library/Java/JavaVirtualMachines/jdk1.8.0_251.jdk/Contents/Home/jre/lib/server/libjvm.dylib
0x00007ffb25c88000 	/usr/lib/libstdc++.6.dylib
0x000000010a4b3000 	/Library/Java/JavaVirtualMachines/jdk1.8.0_251.jdk/Contents/Home/jre/lib/libverify.dylib
0x000000010a4f7000 	/Library/Java/JavaVirtualMachines/jdk1.8.0_251.jdk/Contents/Home/jre/lib/libjava.dylib
0x000000010a4ca000 	/Library/Java/JavaVirtualMachines/jdk1.8.0_251.jdk/Contents/Home/jre/lib/libzip.dylib
0x000000010b10d000 	/Library/Java/JavaVirtualMachines/jdk1.8.0_251.jdk/Contents/Home/jre/lib/libprism_es2.dylib
0x00007ff80f378000 	/System/Library/PrivateFrameworks/CoreServicesInternal.framework/Versions/A/CoreServicesInternal
0x00007ffa25a59000 	/System/Library/Frameworks/OpenGL.framework/Versions/A/Resources/GLEngine.bundle/GLEngine
0x00007ffa258bf000 	/System/Library/Frameworks/OpenGL.framework/Versions/A/Libraries/libGLProgrammability.dylib
0x00007ffa1e22b000 	/System/Library/Extensions/AppleIntelBDWGraphicsGLDriver.bundle/Contents/MacOS/AppleIntelBDWGraphicsGLDriver
0x00007ff91cf26000 	/System/Library/PrivateFrameworks/GPUSupport.framework/Versions/A/Libraries/libGPUSupportMercury.dylib
0x00007ffa25be3000 	/System/Library/Frameworks/OpenGL.framework/Versions/A/Resources/GLRendererFloat.bundle/GLRendererFloat
0x0000000111233000 	/Library/Java/JavaVirtualMachines/jdk1.8.0_251.jdk/Contents/Home/jre/lib/libglass.dylib
0x00007ff81f013000 	/System/Library/Frameworks/FileProvider.framework/Versions/A/FileProvider
0x00007ff81301a000 	/System/Library/Frameworks/Accounts.framework/Versions/A/Accounts
0x00007ff81f18c000 	/System/Library/PrivateFrameworks/GenerationalStorage.framework/Versions/A/GenerationalStorage
0x00007ff81fc9c000 	/System/Library/PrivateFrameworks/CoreSymbolication.framework/Versions/A/CoreSymbolication
0x00007ff81ea17000 	/System/Library/PrivateFrameworks/SymptomDiagnosticReporter.framework/Versions/A/SymptomDiagnosticReporter
0x00007ff810639000 	/System/Library/PrivateFrameworks/DesktopServicesPriv.framework/Versions/A/DesktopServicesPriv
0x00007ff80f4b7000 	/usr/lib/libsandbox.1.dylib
0x00007ff814365000 	/System/Library/PrivateFrameworks/UserManagement.framework/Versions/A/UserManagement
0x00007ff81fc61000 	/System/Library/PrivateFrameworks/DebugSymbols.framework/Versions/A/DebugSymbols
0x00007ff81a982000 	/System/Library/PrivateFrameworks/NetAuth.framework/Versions/A/NetAuth
0x00007ff81b891000 	/System/Library/PrivateFrameworks/Sharing.framework/Versions/A/Sharing
0x00007ff814338000 	/System/Library/PrivateFrameworks/login.framework/Versions/A/Frameworks/loginsupport.framework/Versions/A/loginsupport
0x00007ff820dff000 	/System/Library/PrivateFrameworks/Apple80211.framework/Versions/A/Apple80211
0x00007ff81753e000 	/System/Library/PrivateFrameworks/AuthKit.framework/Versions/A/AuthKit
0x00007ff816b93000 	/System/Library/PrivateFrameworks/CoreUtils.framework/Versions/A/CoreUtils
0x00007ff816aba000 	/System/Library/Frameworks/CoreWLAN.framework/Versions/A/CoreWLAN
0x00007ff81b9f0000 	/System/Library/Frameworks/IOBluetooth.framework/Versions/A/IOBluetooth
0x00007ff820e67000 	/System/Library/PrivateFrameworks/CoreWiFi.framework/Versions/A/CoreWiFi
0x00007ff81f836000 	/System/Library/PrivateFrameworks/FrontBoardServices.framework/Versions/A/FrontBoardServices
0x00007ff81f8c7000 	/System/Library/PrivateFrameworks/BoardServices.framework/Versions/A/BoardServices
0x00007ff816da2000 	/System/Library/PrivateFrameworks/AssertionServices.framework/Versions/A/AssertionServices
0x00007ff820fea000 	/System/Library/PrivateFrameworks/BackBoardServices.framework/Versions/A/BackBoardServices
0x00007ff81addc000 	/System/Library/PrivateFrameworks/CorePhoneNumbers.framework/Versions/A/CorePhoneNumbers
0x00007ff81a6a0000 	/System/Library/PrivateFrameworks/MultiverseSupport.framework/Versions/A/MultiverseSupport
0x00007ff82125d000 	/System/Library/PrivateFrameworks/RemoteServiceDiscovery.framework/Versions/A/RemoteServiceDiscovery
0x00007ff81eb34000 	/System/Library/PrivateFrameworks/DiskManagement.framework/Versions/A/DiskManagement
0x00007ff81ea48000 	/System/Library/PrivateFrameworks/AppleIDAuthSupport.framework/Versions/A/AppleIDAuthSupport
0x00007ffb0d183000 	/System/Library/PrivateFrameworks/AAAFoundation.framework/Versions/A/AAAFoundation
0x00007ff81adbd000 	/System/Library/PrivateFrameworks/KeychainCircle.framework/Versions/A/KeychainCircle
0x00007ff82126d000 	/System/Library/PrivateFrameworks/RemoteXPC.framework/Versions/A/RemoteXPC
0x00007ff81eb00000 	/System/Library/PrivateFrameworks/MediaKit.framework/Versions/A/MediaKit
0x00007ff81ea54000 	/System/Library/Frameworks/DiscRecording.framework/Versions/A/DiscRecording
0x00007ff818394000 	/usr/lib/libCoreStorage.dylib
0x00007ff8212d8000 	/usr/lib/libcsfde.dylib
0x00007ff81babd000 	/System/Library/PrivateFrameworks/ProtectedCloudStorage.framework/Versions/A/ProtectedCloudStorage
0x00007ff8212d4000 	/System/Library/PrivateFrameworks/EFILogin.framework/Versions/A/EFILogin
0x00007ff81f1b2000 	/System/Library/PrivateFrameworks/OctagonTrust.framework/Versions/A/OctagonTrust
0x00007ffb11a6b000 	/System/Library/PrivateFrameworks/CoreUtilsExtras.framework/Versions/A/CoreUtilsExtras
0x00007ff81e97b000 	/System/Library/Frameworks/CoreBluetooth.framework/Versions/A/CoreBluetooth
0x00007ff821969000 	/System/Library/Frameworks/AudioUnit.framework/Versions/A/AudioUnit
0x00007ff81838c000 	/usr/lib/libMatch.1.dylib
0x00007ff9173af000 	/System/Library/Frameworks/Accelerate.framework/Versions/A/Frameworks/vImage.framework/Versions/A/Libraries/libCGInterfaces.dylib
0x0000000112adc000 	/usr/lib/libobjc-trampolines.dylib
0x00007ff823e71000 	/System/Library/PrivateFrameworks/FamilyControls.framework/Versions/A/FamilyControls
0x00007ff823e95000 	/System/Library/PrivateFrameworks/CommerceKit.framework/Versions/A/Frameworks/CommerceCore.framework/Versions/A/CommerceCore
0x00007ff81def4000 	/System/Library/PrivateFrameworks/SystemAdministration.framework/Versions/A/SystemAdministration
0x00007ff81baa4000 	/System/Library/PrivateFrameworks/AppContainer.framework/Versions/A/AppContainer
0x00007ff81bab9000 	/System/Library/PrivateFrameworks/SecCodeWrapper.framework/Versions/A/SecCodeWrapper
0x00007ff818257000 	/System/Library/PrivateFrameworks/CrashReporterSupport.framework/Versions/A/CrashReporterSupport
0x00007ff91edc7000 	/System/Library/PrivateFrameworks/OSAnalytics.framework/Versions/A/OSAnalytics
0x00007ff929f79000 	/System/Library/PrivateFrameworks/Symbolication.framework/Versions/A/Symbolication
0x00007ff912d68000 	/System/Library/PrivateFrameworks/MallocStackLogging.framework/Versions/A/MallocStackLogging
0x00007ff818ae2000 	/System/Library/PrivateFrameworks/login.framework/Versions/A/login
0x00007ff81973b000 	/System/Library/Frameworks/MediaToolbox.framework/Versions/A/MediaToolbox
0x00007ff81d7a4000 	/System/Library/Frameworks/DirectoryService.framework/Versions/A/DirectoryService
0x00007ff821176000 	/System/Library/PrivateFrameworks/DiskImages.framework/Versions/A/DiskImages
0x00007ff816e4a000 	/System/Library/Frameworks/ServiceManagement.framework/Versions/A/ServiceManagement
0x00007ff821352000 	/System/Library/PrivateFrameworks/LoginUIKit.framework/Versions/A/Frameworks/LoginUICore.framework/Versions/A/LoginUICore
0x00007ff818c8b000 	/usr/lib/libodfde.dylib
0x00007ff81efe3000 	/System/Library/PrivateFrameworks/CoreAVCHD.framework/Versions/A/CoreAVCHD
0x00007ff81deb8000 	/System/Library/Frameworks/MediaAccessibility.framework/Versions/A/MediaAccessibility
0x00007ff81efdf000 	/System/Library/PrivateFrameworks/Mangrove.framework/Versions/A/Mangrove
0x00007ff81dec3000 	/System/Library/PrivateFrameworks/AlgosScoreFramework.framework/Versions/A/AlgosScoreFramework
0x00007ffb0ed5f000 	/System/Library/PrivateFrameworks/CMPhoto.framework/Versions/A/CMPhoto
0x00007ff81fb37000 	/System/Library/PrivateFrameworks/AppleVPA.framework/Versions/A/AppleVPA
0x00007ff81ec24000 	/System/Library/PrivateFrameworks/CoreAUC.framework/Versions/A/CoreAUC
0x00007ff8212e4000 	/usr/lib/libcurl.4.dylib
0x00007ffb25757000 	/usr/lib/libcrypto.46.dylib
0x00007ffb25c4c000 	/usr/lib/libssl.48.dylib
0x00007ff821008000 	/System/Library/Frameworks/LDAP.framework/Versions/A/LDAP
0x00007ff821040000 	/System/Library/PrivateFrameworks/TrustEvaluationAgent.framework/Versions/A/TrustEvaluationAgent
0x00007ff81a68c000 	/usr/lib/libsasl2.2.dylib
0x00007ff81dee8000 	/System/Library/PrivateFrameworks/CoreDaemon.framework/Versions/B/CoreDaemon
0x00007ff81dee3000 	/System/Library/PrivateFrameworks/AppleSRP.framework/Versions/A/AppleSRP
0x00007ff81405d000 	/System/Library/PrivateFrameworks/ViewBridge.framework/Versions/A/ViewBridge
0x00007ffb252eb000 	/usr/lib/libRosetta.dylib
0x0000000114fab000 	/Library/Java/JavaVirtualMachines/jdk1.8.0_251.jdk/Contents/Home/jre/lib/libjavafx_font.dylib
0x0000000115be3000 	/Library/Java/JavaVirtualMachines/jdk1.8.0_251.jdk/Contents/Home/jre/lib/libprism_common.dylib
0x0000000115498000 	/Library/Java/JavaVirtualMachines/jdk1.8.0_251.jdk/Contents/Home/jre/lib/libnet.dylib

VM Arguments:
jvm_args: -Dfile.encoding=UTF-8 -Dstdout.encoding=UTF-8 -Dstderr.encoding=UTF-8 
java_command: Login.Main
java_class_path (initial): /Users/benoitpanier/Documents/GitHub/ProyModuloBioIng/bin:/Users/benoitpanier/Documents/GitHub/ProyModuloBioIng/lib/jfoenix-8.0.8.jar:/Users/benoitpanier/.p2/pool/plugins/org.eclipse.fx.ide.css.jfx8_3.8.0.202204150904.jar:/Users/benoitpanier/Downloads/MariaDbExample/mariadb-java-client-2.6.0.jar
Launcher Type: SUN_STANDARD

Environment Variables:
PATH=/usr/bin:/bin:/usr/sbin:/sbin
SHELL=/bin/zsh

Signal Handlers:
SIGSEGV: [libjvm.dylib+0x5bc2ff], sa_mask[0]=11111111011111110111111111111111, sa_flags=SA_ONSTACK|SA_RESTART|SA_SIGINFO
SIGBUS: [libjvm.dylib+0x5bc2ff], sa_mask[0]=11111111011111110111111111111111, sa_flags=SA_RESTART|SA_SIGINFO
SIGFPE: [libjvm.dylib+0x48d41c], sa_mask[0]=11111111011111110111111111111111, sa_flags=SA_RESTART|SA_SIGINFO
SIGPIPE: [libjvm.dylib+0x48d41c], sa_mask[0]=11111111011111110111111111111111, sa_flags=SA_RESTART|SA_SIGINFO
SIGXFSZ: [libjvm.dylib+0x48d41c], sa_mask[0]=11111111011111110111111111111111, sa_flags=SA_RESTART|SA_SIGINFO
SIGILL: [libjvm.dylib+0x48d41c], sa_mask[0]=11111111011111110111111111111111, sa_flags=SA_RESTART|SA_SIGINFO
SIGUSR1: SIG_DFL, sa_mask[0]=00000000000000000000000000000000, sa_flags=none
SIGUSR2: [libjvm.dylib+0x48cf3a], sa_mask[0]=00100000000000000000000000000000, sa_flags=SA_RESTART|SA_SIGINFO
SIGHUP: [libjvm.dylib+0x48b4c5], sa_mask[0]=11111111011111110111111111111111, sa_flags=SA_RESTART|SA_SIGINFO
SIGINT: [libjvm.dylib+0x48b4c5], sa_mask[0]=11111111011111110111111111111111, sa_flags=SA_RESTART|SA_SIGINFO
SIGTERM: [libjvm.dylib+0x48b4c5], sa_mask[0]=11111111011111110111111111111111, sa_flags=SA_RESTART|SA_SIGINFO
SIGQUIT: [libjvm.dylib+0x48b4c5], sa_mask[0]=11111111011111110111111111111111, sa_flags=SA_RESTART|SA_SIGINFO


---------------  S Y S T E M  ---------------

OS:Bsduname:Darwin 21.6.0 Darwin Kernel Version 21.6.0: Sat Jun 18 17:07:25 PDT 2022; root:xnu-8020.140.41~1/RELEASE_X86_64 x86_64
rlimit: STACK 8192k, CORE 0k, NPROC 1392, NOFILE 10240, AS infinity
load average:3.04 3.64 4.05

CPU:total 4 (initial active 4) (2 cores per cpu, 2 threads per core) family 6 model 61 stepping 4, cmov, cx8, fxsr, mmx, sse, sse2, sse3, ssse3, sse4.1, sse4.2, popcnt, avx, avx2, aes, clmul, erms, 3dnowpref, lzcnt, ht, tsc, tscinvbit, bmi1, bmi2, adx

Memory: 4k page, physical 4194304k(24164k free)

/proc/meminfo:


vm_info: Java HotSpot(TM) 64-Bit Server VM (25.251-b08) for bsd-amd64 JRE (1.8.0_251-b08), built on Mar 12 2020 02:36:37 by "java_re" with gcc 4.2.1 (Based on Apple Inc. build 5658) (LLVM build 2336.11.00)

time: Sun May 26 22:56:26 2024
timezone: CEST
elapsed time: 10 seconds (0d 0h 0m 10s)

